{
  "RSpec": {
    "coverage": {
      "/Users/marques/Projects/alpop_integration/spec/support/factory_bot.rb": {
        "lines": [
          null,
          null,
          1,
          null,
          1,
          1,
          null,
          1,
          1,
          null,
          null
        ]
      },
      "/Users/marques/Projects/alpop_integration/lib/api/v1/zendesk/event.rb": {
        "lines": [
          null,
          null,
          1,
          null,
          null,
          1,
          1,
          0,
          null,
          null,
          1,
          0,
          null,
          null,
          1,
          0,
          null,
          null
        ]
      },
      "/Users/marques/Projects/alpop_integration/lib/api/v1/pipefy/event.rb": {
        "lines": [
          null,
          null,
          1,
          null,
          null,
          1,
          1,
          0,
          null,
          null,
          1,
          0,
          null,
          null,
          1,
          0,
          null,
          null
        ]
      },
      "/Users/marques/Projects/alpop_integration/spec/lib/query_builder_spec.rb": {
        "lines": [
          null,
          null,
          1,
          null,
          1,
          1,
          1,
          1,
          1,
          1,
          1,
          1,
          1,
          null,
          null,
          1,
          1,
          1,
          null,
          null,
          null,
          null
        ]
      },
      "/Users/marques/Projects/alpop_integration/lib/query_builder.rb": {
        "lines": [
          null,
          null,
          1,
          null,
          null,
          1,
          null,
          1,
          1,
          1,
          null,
          1,
          1,
          1,
          1,
          1,
          1,
          2,
          1,
          1,
          null,
          null,
          1,
          1,
          1,
          1,
          1,
          null,
          null
        ]
      },
      "/Users/marques/Projects/alpop_integration/spec/factories/factories.rb": {
        "lines": [
          null,
          null,
          null,
          1,
          0,
          null,
          null,
          1,
          0,
          null
        ]
      },
      "/Users/marques/Projects/alpop_integration/spec/factories/pipefy/card.rb": {
        "lines": [
          null,
          null,
          1,
          1,
          1,
          1,
          null,
          null
        ]
      },
      "/Users/marques/Projects/alpop_integration/spec/factories/pipefy/pipe.rb": {
        "lines": [
          null,
          null,
          1,
          1,
          1,
          null,
          null
        ]
      },
      "/Users/marques/Projects/alpop_integration/spec/factories/zendesk/ticket.rb": {
        "lines": [
          null,
          null,
          1,
          1,
          1,
          null,
          null
        ]
      }
    },
    "timestamp": 1584918512
  }
}
